{"assignees":[],"author":{"id":"MDQ6VXNlcjc3NTQxMjA=","is_bot":false,"login":"yycptt","name":"Yichao Yang"},"body":"## Expected Behavior\r\nTest should always pass\r\n\r\n## Actual Behavior\r\n```\r\n--- FAIL: TestVersioningIntegrationSuite (15.42s)\r\n    --- FAIL: TestVersioningIntegrationSuite/TestDisableUserData_QueryTimesOut (0.04s)\r\n        versioning_test.go:1631: \r\n                Error Trace:    /Users/ycyang/temporalio/temporal/tests/versioning_test.go:1631\r\n                Error:          Should be in error chain:\r\n                                expected: %!q(**serviceerror.DeadlineExceeded=0x14000c9e780)\r\n                                in chain: \r\n                Test:           TestVersioningIntegrationSuite/TestDisableUserData_QueryTimesOut\r\n```\r\n\r\n## Steps to Reproduce the Problem\r\n\r\n  1. Run ^ test using master branch (I was using commit `7e2de6902fa98cc98884b4f4003b5a0e8a91936e`). It fails in like 1-2 out of 10 runs.\r\n  1.\r\n  1.\r\n\r\n## Specifications\r\n\r\n  - Version:\r\n  - Platform:\r\n","closedAt":"2023-07-21T18:04:30Z","comments":[],"createdAt":"2023-07-18T00:42:07Z","labels":[{"id":"MDU6TGFiZWwyMDE5ODE3MzQ2","name":"potential-bug","description":"","color":"66b9cc"}],"milestone":null,"number":4640,"reactionGroups":[],"state":"CLOSED","title":"Flaky test: TestDisableUserData_QueryTimesOut","updatedAt":"2023-07-21T18:04:30Z","url":"https://github.com/temporalio/temporal/issues/4640"}
