{"assignees":[{"id":"MDQ6VXNlcjEzMTE2OTQ=","login":"vitarb","name":"Vitali","databaseId":0}],"author":{"id":"MDQ6VXNlcjEzMTE2OTQ=","is_bot":false,"login":"vitarb","name":"Vitali"},"body":"```\r\n=== CONT  TestIntegrationSuite\r\n    integration_test.go:1268: \r\n        \tError Trace:\tintegration_test.go:1268\r\n        \t            \t\t\t\tintegration_test.go:187\r\n        \tError:      \tNot equal: \r\n        \t            \texpected: int(5)\r\n        \t            \tactual  : int64(9)\r\n        \tTest:       \tTestIntegrationSuite\r\n        \tMessages:   \tExpected value doesn't match actual value for counter temporal_request\r\n2021/09/24 00:35:18 INFO  Stopped Worker Namespace integration-test-namespace TaskQueue tq-1-TestIntegrationSuite/TestBasic WorkerID 84580@arch@\r\n--- FAIL: TestIntegrationSuite (11.32s)\r\n=== RUN   TestIntegrationSuite/TestBasic\r\n2021/09/24 00:35:08 INFO  Started Worker Namespace integration-test-namespace TaskQueue tq-1-TestIntegrationSuite/TestBasic WorkerID 84580@arch@\r\n2021/09/24 00:35:11 INFO  calling ExecuteActivity Namespace integration-test-namespace TaskQueue tq-1-TestIntegrationSuite/TestBasic WorkerID 84580@arch@ WorkflowType Basic WorkflowID test-basic RunID 0a66bd82-8639-45db-a43f-45f780e4c592 Attempt 1\r\n2021/09/24 00:35:11 DEBUG ExecuteActivity Namespace integration-test-namespace TaskQueue tq-1-TestIntegrationSuite/TestBasic WorkerID 84580@arch@ WorkflowType Basic WorkflowID test-basic RunID 0a66bd82-8639-45db-a43f-45f780e4c592 Attempt 1 ActivityID 5 ActivityType Prefix_ToUpperWithDelay\r\n2021/09/24 00:35:15 DEBUG ExecuteActivity Namespace integration-test-namespace TaskQueue tq-1-TestIntegrationSuite/TestBasic WorkerID 84580@arch@ WorkflowType Basic WorkflowID test-basic RunID 0a66bd82-8639-45db-a43f-45f780e4c592 Attempt 1 ActivityID 11 ActivityType Prefix_ToUpper\r\n=== CONT  TestIntegrationSuite/TestBasic\r\n    testing.go:1169: test executed panic(nil) or runtime.Goexit: subtest may have called FailNow on a parent test\r\n    --- FAIL: TestIntegrationSuite/TestBasic (10.14s)\r\n\r\n\r\n\r\nExpected :int(5)\r\nActual   :int64(9)\r\n```\r\n","closedAt":"2021-10-04T14:38:56Z","comments":[],"createdAt":"2021-09-24T07:35:37Z","labels":[],"milestone":null,"number":556,"reactionGroups":[],"state":"CLOSED","title":"TestBasic is flaky","updatedAt":"2021-10-04T14:38:56Z","url":"https://github.com/temporalio/sdk-go/issues/556"}
