{"assignees":[{"id":"MDQ6VXNlcjIwNjM5Ng==","login":"cretz","name":"Chad Retz","databaseId":0}],"author":{"id":"MDQ6VXNlcjEzMTE2OTQ=","is_bot":false,"login":"vitarb","name":"Vitali"},"body":"```\r\n    integration_test.go:1267: \r\n        \tError Trace:\tintegration_test.go:1267\r\n        \t            \t\t\t\tintegration_test.go:350\r\n        \tError:      \tNot equal: \r\n        \t            \texpected: int(2)\r\n        \t            \tactual  : int64(3)\r\n        \tTest:       \tTestIntegrationSuite\r\n        \tMessages:   \tExpected value doesn't match actual value for counter temporal_unregistered_activity_invocation\r\n2021/09/24 00:29:47 INFO  Stopped Worker Namespace integration-test-namespace TaskQueue tq-1-TestIntegrationSuite/TestActivityNotRegisteredRetry WorkerID 83850@arch@\r\n--- FAIL: TestIntegrationSuite (11.63s)\r\n=== RUN   TestIntegrationSuite/TestActivityNotRegisteredRetry\r\n2021/09/24 00:29:37 INFO  Started Worker Namespace integration-test-namespace TaskQueue tq-1-TestIntegrationSuite/TestActivityNotRegisteredRetry WorkerID 83850@arch@\r\n2021/09/24 00:29:39 DEBUG ExecuteActivity Namespace integration-test-namespace TaskQueue tq-1-TestIntegrationSuite/TestActivityNotRegisteredRetry WorkerID 83850@arch@ WorkflowType CallUnregisteredActivityRetry WorkflowID test-activity-retry-on-error RunID 66afc979-5705-48bd-ad2d-3242765c5e99 Attempt 1 ActivityID 5 ActivityType Unknown\r\n=== CONT  TestIntegrationSuite/TestActivityNotRegisteredRetry\r\n    testing.go:1169: test executed panic(nil) or runtime.Goexit: subtest may have called FailNow on a parent test\r\n    --- FAIL: TestIntegrationSuite/TestActivityNotRegisteredRetry (10.44s)\r\n\r\n\r\n\r\nExpected :int(2)\r\nActual   :int64(3)\r\n```","closedAt":"2021-11-18T15:38:10Z","comments":[{"id":"IC_kwDODN1w6845_oNg","author":{"login":"cretz"},"authorAssociation":"MEMBER","body":"This test does not appear flaky anymore in CI","createdAt":"2021-11-18T15:38:10Z","includesCreatedEdit":false,"isMinimized":false,"minimizedReason":"","reactionGroups":[],"url":"https://github.com/temporalio/sdk-go/issues/555#issuecomment-972981088","viewerDidAuthor":false}],"createdAt":"2021-09-24T07:33:09Z","labels":[],"milestone":null,"number":555,"reactionGroups":[],"state":"CLOSED","title":"TestActivityNotRegisteredRetry is flaky","updatedAt":"2021-11-18T15:38:11Z","url":"https://github.com/temporalio/sdk-go/issues/555"}
