{"assignees":[{"id":"MDQ6VXNlcjIwNjM5Ng==","login":"cretz","name":"Chad Retz","databaseId":0}],"author":{"id":"MDQ6VXNlcjEzMTE2OTQ=","is_bot":false,"login":"vitarb","name":"Vitali"},"body":"```\r\n=== RUN   TestIntegrationSuite\r\n=== CONT  TestIntegrationSuite\r\n    integration_test.go:809: \r\n        \tError Trace:\tintegration_test.go:809\r\n        \tError:      \tShould NOT be empty, but was \r\n        \tTest:       \tTestIntegrationSuite\r\n2021/09/24 00:39:57 INFO  Stopped Worker Namespace integration-test-namespace TaskQueue tq-1-TestIntegrationSuite/TestCancelChildWorkflowUnusualTransitions WorkerID 85926@arch@\r\n--- FAIL: TestIntegrationSuite (20.66s)\r\n=== RUN   TestIntegrationSuite/TestCancelChildWorkflowUnusualTransitions\r\n2021/09/24 00:39:53 INFO  Started Worker Namespace integration-test-namespace TaskQueue tq-1-TestIntegrationSuite/TestCancelChildWorkflowUnusualTransitions WorkerID 85926@arch@\r\n2021/09/24 00:39:55 DEBUG ExecuteChildWorkflow Namespace integration-test-namespace TaskQueue tq-1-TestIntegrationSuite/TestCancelChildWorkflowUnusualTransitions WorkerID 85926@arch@ WorkflowType ChildWorkflowCancelUnusualTransitionsRepro WorkflowID test-cancel-child-workflow-unusual-transitions RunID f05a56aa-58b8-4d11-ab8d-f123cd458f3c Attempt 1 ChildWorkflowID f05a56aa-58b8-4d11-ab8d-f123cd458f3c_5 WorkflowType childWorkflowWaitOnSignal\r\n=== CONT  TestIntegrationSuite/TestCancelChildWorkflowUnusualTransitions\r\n    testing.go:1169: test executed panic(nil) or runtime.Goexit: subtest may have called FailNow on a parent test\r\n    --- FAIL: TestIntegrationSuite/TestCancelChildWorkflowUnusualTransitions (4.97s)\r\n\r\n\r\nFAIL\r\n\r\nProcess finished with the exit code 1\r\n\r\n\r\n```","closedAt":"2021-11-18T15:38:07Z","comments":[{"id":"IC_kwDODN1w6845_oMk","author":{"login":"cretz"},"authorAssociation":"MEMBER","body":"This test does not appear flaky anymore in CI","createdAt":"2021-11-18T15:38:07Z","includesCreatedEdit":false,"isMinimized":false,"minimizedReason":"","reactionGroups":[],"url":"https://github.com/temporalio/sdk-go/issues/557#issuecomment-972981028","viewerDidAuthor":false}],"createdAt":"2021-09-24T07:40:21Z","labels":[],"milestone":null,"number":557,"reactionGroups":[],"state":"CLOSED","title":"TestCancelChildWorkflowUnusualTransitions is flaky","updatedAt":"2021-11-18T15:38:07Z","url":"https://github.com/temporalio/sdk-go/issues/557"}
