{"assignees":[{"id":"MDQ6VXNlcjEzMTE2OTQ=","login":"vitarb","name":"Vitali","databaseId":0}],"author":{"id":"MDQ6VXNlcjEzMTE2OTQ=","is_bot":false,"login":"vitarb","name":"Vitali"},"body":"```\r\n=== RUN   TestIntegrationSuite\r\n=== CONT  TestIntegrationSuite\r\n    integration_test.go:1267: \r\n        \tError Trace:\tintegration_test.go:1267\r\n        \t            \t\t\t\tintegration_test.go:350\r\n        \tError:      \tNot equal: \r\n        \t            \texpected: int(2)\r\n        \t            \tactual  : int64(1)\r\n        \tTest:       \tTestIntegrationSuite\r\n        \tMessages:   \tExpected value doesn't match actual value for counter temporal_unregistered_activity_invocation\r\n2021/09/24 00:16:41 INFO  Stopped Worker Namespace integration-test-namespace TaskQueue tq-3-TestIntegrationSuite/TestActivityNotRegisteredRetry WorkerID 77523@arch@\r\n--- FAIL: TestIntegrationSuite (28.51s)\r\n=== RUN   TestIntegrationSuite/TestActivityNotRegisteredRetry\r\n2021/09/24 00:16:29 INFO  Started Worker Namespace integration-test-namespace TaskQueue tq-3-TestIntegrationSuite/TestActivityNotRegisteredRetry WorkerID 77523@arch@\r\n2021/09/24 00:16:33 DEBUG ExecuteActivity Namespace integration-test-namespace TaskQueue tq-3-TestIntegrationSuite/TestActivityNotRegisteredRetry WorkerID 77523@arch@ WorkflowType CallUnregisteredActivityRetry WorkflowID test-activity-retry-on-error RunID 9d7caefd-d19c-4cea-8bcf-1a9d887dd87e Attempt 1 ActivityID 5 ActivityType Unknown\r\n=== CONT  TestIntegrationSuite/TestActivityNotRegisteredRetry\r\n    testing.go:1169: test executed panic(nil) or runtime.Goexit: subtest may have called FailNow on a parent test\r\n    --- FAIL: TestIntegrationSuite/TestActivityNotRegisteredRetry (11.82s)\r\n\r\n\r\n\r\nExpected :int(2)\r\nActual   :int64(1)\r\n<Click to see difference>\r\n\r\n\r\n\r\n```","closedAt":"2021-09-24T07:24:39Z","comments":[{"id":"IC_kwDODN1w6843N9gJ","author":{"login":"vitarb"},"authorAssociation":"CONTRIBUTOR","body":"Hard to repro individually. Going to close for now.","createdAt":"2021-09-24T07:24:39Z","includesCreatedEdit":false,"isMinimized":false,"minimizedReason":"","reactionGroups":[],"url":"https://github.com/temporalio/sdk-go/issues/554#issuecomment-926406665","viewerDidAuthor":false}],"createdAt":"2021-09-24T07:19:36Z","labels":[],"milestone":null,"number":554,"reactionGroups":[],"state":"CLOSED","title":"TestActivityNotRegisteredRetry is flaky","updatedAt":"2021-09-24T07:24:39Z","url":"https://github.com/temporalio/sdk-go/issues/554"}
