{"assignees":[],"author":{"id":"MDQ6VXNlcjUyMjA1","is_bot":false,"login":"dandavison","name":"Dan Davison"},"body":"The test suite currently has multiple tests that sometimes fail. Let's collect examples in this ticket, and fix them.","closedAt":"2025-04-09T13:32:22Z","comments":[{"id":"IC_kwDOGusT1c6I3w9n","author":{"login":"dandavison"},"authorAssociation":"MEMBER","body":"https://github.com/temporalio/sdk-python/actions/runs/10403635533/job/28817496590?pr=609\r\n\r\n```\r\nFAILED tests/worker/test_activity.py::test_sync_activity_process_non_picklable_heartbeat_details - assert \"Can't pickle\" in \"AttributeError: Can't get local object 'picklable_activity_non_pickable_heartbeat_details.<locals>.<lambda>'\"\r\n```","createdAt":"2024-08-19T11:12:39Z","includesCreatedEdit":false,"isMinimized":false,"minimizedReason":"","reactionGroups":[],"url":"https://github.com/temporalio/sdk-python/issues/568#issuecomment-2296319847","viewerDidAuthor":false},{"id":"IC_kwDOGusT1c6bkOa5","author":{"login":"dandavison"},"authorAssociation":"MEMBER","body":"https://github.com/temporalio/sdk-python/actions/runs/12930726515/job/36062930291?pr=739\n\n```\npoe test -s --workflow-environment time-skipping --junit-xml=junit-xml/3.13--macos-intel--time-skipping.xml\n```\n\n```\nFAILED tests/worker/test_workflow.py::test_unfinished_handler_on_workflow_termination[-cancellation---no-wait-all-handlers-finish---not-dynamic---late-registered---signal-] - Failed: Timeout >600.0s\n```","createdAt":"2025-01-23T14:32:44Z","includesCreatedEdit":false,"isMinimized":false,"minimizedReason":"","reactionGroups":[],"url":"https://github.com/temporalio/sdk-python/issues/568#issuecomment-2609964729","viewerDidAuthor":false},{"id":"IC_kwDOGusT1c6brx7Z","author":{"login":"dandavison"},"authorAssociation":"MEMBER","body":"https://github.com/temporalio/sdk-python/actions/runs/12939859391/job/36092964653?pr=739\n\n```\n=========== 342 passed, 10 skipped, 9 warnings in 316.04s (0:05:16) ============\nFATAL: exception not rethrown\nError: Process completed with exit code 250.\n```","createdAt":"2025-01-24T08:29:53Z","includesCreatedEdit":false,"isMinimized":false,"minimizedReason":"","reactionGroups":[],"url":"https://github.com/temporalio/sdk-python/issues/568#issuecomment-2611945177","viewerDidAuthor":false},{"id":"IC_kwDOGusT1c6cGoZk","author":{"login":"dandavison"},"authorAssociation":"MEMBER","body":"```\nFAILED tests/worker/test_workflow.py::test_workflow_patch_memoized - Failed: Timeout >600.0s\n```\n\nhttps://github.com/temporalio/sdk-python/actions/runs/9745494374/job/26893565606?pr=566\nhttps://github.com/temporalio/sdk-python/actions/runs/9745832979/attempts/1?pr=567","createdAt":"2025-01-28T13:21:46Z","includesCreatedEdit":false,"isMinimized":false,"minimizedReason":"","reactionGroups":[],"url":"https://github.com/temporalio/sdk-python/issues/568#issuecomment-2618984036","viewerDidAuthor":false},{"id":"IC_kwDOGusT1c6mSDqg","author":{"login":"cretz"},"authorAssociation":"MEMBER","body":"(accidentally reopened)","createdAt":"2025-04-09T13:32:22Z","includesCreatedEdit":false,"isMinimized":false,"minimizedReason":"","reactionGroups":[],"url":"https://github.com/temporalio/sdk-python/issues/568#issuecomment-2789751456","viewerDidAuthor":false}],"createdAt":"2024-07-01T14:56:20Z","labels":[{"id":"LA_kwDOGusT1c7gQgHK","name":"bug","description":"Something isn't working","color":"d73a4a"}],"milestone":null,"number":568,"reactionGroups":[],"state":"CLOSED","title":"[Bug] Fix flaky tests","updatedAt":"2025-04-09T13:32:24Z","url":"https://github.com/temporalio/sdk-python/issues/568"}
