{"assignees":[{"id":"MDQ6VXNlcjUzMjEwOA==","login":"Spikhalskiy","name":"Dmitry Spikhalsky","databaseId":0}],"author":{"id":"MDQ6VXNlcjUzMjEwOA==","is_bot":false,"login":"Spikhalskiy","name":"Dmitry Spikhalsky"},"body":"SelfAdvancingTimerImplTest flakes in pipelines sometimes with:\r\n\r\n```\r\nio.temporal.internal.testservice.SelfAdvancingTimerImplTest > testOrdering FAILED\r\n    java.lang.AssertionError: expected:<20000.0> but was:<20055.0>\r\n        at org.junit.Assert.fail(Assert.java:89)\r\n        at org.junit.Assert.failNotEquals(Assert.java:835)\r\n        at org.junit.Assert.assertEquals(Assert.java:555)\r\n        at org.junit.Assert.assertEquals(Assert.java:685)\r\n        at io.temporal.internal.testservice.SelfAdvancingTimerImplTest.testOrdering(SelfAdvancingTimerImplTest.java:82)\r\n```\r\n","closedAt":"2021-09-16T18:10:19Z","comments":[],"createdAt":"2021-09-14T21:36:57Z","labels":[],"milestone":null,"number":726,"reactionGroups":[],"state":"CLOSED","title":"SelfAdvancingTimerImplTest flakes when test machine is under load","updatedAt":"2021-09-16T20:47:11Z","url":"https://github.com/temporalio/sdk-java/issues/726"}
