{"assignees":[{"id":"MDQ6VXNlcjIwNTI3OTk5","login":"vkoby","name":"Vera","databaseId":0}],"author":{"id":"MDQ6VXNlcjIwNTI3OTk5","is_bot":false,"login":"vkoby","name":"Vera"},"body":"io.temporal.workflow.WorkflowWithCronScheduleTest > testCronWorkflowWithIncrementSchedule FAILED\r\n\r\n    java.lang.AssertionError: expected:<4> but was:<3>\r\n\r\n        at org.junit.Assert.fail(Assert.java:89)\r\n\r\n        at org.junit.Assert.failNotEquals(Assert.java:835)\r\n\r\n        at org.junit.Assert.assertEquals(Assert.java:647)\r\n\r\n        at org.junit.Assert.assertEquals(Assert.java:633)\r\n\r\n        at io.temporal.workflow.WorkflowWithCronScheduleTest.testCronWorkflowWithIncrementSchedule(WorkflowWithCronScheduleTest.java:78)","closedAt":"2021-10-28T18:44:09Z","comments":[],"createdAt":"2021-10-28T05:42:17Z","labels":[],"milestone":null,"number":847,"reactionGroups":[],"state":"CLOSED","title":"testCronWorkflowWithIncrementSchedule fails","updatedAt":"2021-10-28T18:44:09Z","url":"https://github.com/temporalio/sdk-java/issues/847"}
