{"assignees":[{"id":"MDQ6VXNlcjIwNTI3OTk5","login":"vkoby","name":"Vera","databaseId":0}],"author":{"id":"MDQ6VXNlcjIwNTI3OTk5","is_bot":false,"login":"vkoby","name":"Vera"},"body":"DefaultActivityOptionsSetOnWorkflowTest#testSetWorkflowImplementationOptions consistently fails when run as part of unit tests with docker in buildkite:\r\n\r\nio.temporal.activity.DefaultActivityOptionsSetOnWorkflowTest > testSetWorkflowImplementationOptions FAILED\r\n    java.lang.AssertionError: expected:<PT3S> but was:<PT2S>\r\n        at org.junit.Assert.fail(Assert.java:89)\r\n        at org.junit.Assert.failNotEquals(Assert.java:835)\r\n        at org.junit.Assert.assertEquals(Assert.java:120)\r\n        at org.junit.Assert.assertEquals(Assert.java:146)\r\n        at io.temporal.activity.DefaultActivityOptionsSetOnWorkflowTest.testSetWorkflowImplementationOptions(DefaultActivityOptionsSetOnWorkflowTest.java:79)","closedAt":"2021-08-25T21:43:21Z","comments":[],"createdAt":"2021-08-23T21:18:17Z","labels":[],"milestone":null,"number":663,"reactionGroups":[],"state":"CLOSED","title":"Failing DefaultActivityOptionsSetOnWorkflowTest#testSetWorkflowImplementationOptions with Dockerized Temporal","updatedAt":"2021-08-25T21:43:21Z","url":"https://github.com/temporalio/sdk-java/issues/663"}
