{"assignees":[],"author":{"id":"MDQ6VXNlcjE0NjM2MjI=","is_bot":false,"login":"mfateev","name":"Maxim Fateev"},"body":"## Expected Behavior\r\nTest always passing\r\n\r\n## Actual Behavior\r\nWhen running in a constrained CI/CD environment it sometimes fails:\r\n\r\n```\r\nio.temporal.workflow.MetricsTest > testWorkflowMetrics FAILED\r\n    java.lang.AssertionError: 3.39s\r\n        at org.junit.Assert.fail(Assert.java:89)\r\n        at org.junit.Assert.assertTrue(Assert.java:42)\r\n        at io.temporal.workflow.MetricsTest.testWorkflowMetrics(MetricsTest.java:280)\r\n```\r\n\r\n","closedAt":"2021-09-23T17:41:04Z","comments":[{"id":"MDEyOklzc3VlQ29tbWVudDczMzQwOTkyMQ==","author":{"login":"vitarb"},"authorAssociation":"CONTRIBUTOR","body":"Possibly fixed, need to double check.","createdAt":"2020-11-25T01:47:57Z","includesCreatedEdit":false,"isMinimized":false,"minimizedReason":"","reactionGroups":[],"url":"https://github.com/temporalio/sdk-java/issues/107#issuecomment-733409921","viewerDidAuthor":false}],"createdAt":"2020-06-18T23:14:24Z","labels":[],"milestone":null,"number":107,"reactionGroups":[],"state":"CLOSED","title":"Intermittent testWorkflowMetrics Unit test failure","updatedAt":"2021-09-23T17:41:04Z","url":"https://github.com/temporalio/sdk-java/issues/107"}
