{"assignees":[{"id":"MDQ6VXNlcjUzMjEwOA==","login":"Spikhalskiy","name":"Dmitry Spikhalsky","databaseId":0}],"author":{"id":"MDQ6VXNlcjIwNTI3OTk5","is_bot":false,"login":"vkoby","name":"Vera"},"body":"Currently fails in buildkite:\r\n\r\nio.temporal.workflow.activityTests.LongLocalActivityWorkflowTaskHeartbeatFailureTest > testLongLocalActivityWorkflowTaskHeartbeatFailure FAILED\r\n    java.lang.AssertionError: io.temporal.workflow.shared.TestActivities$TestActivitiesImpl@1c77e505 expected:<2> but was:<3>\r\n        at org.junit.Assert.fail(Assert.java:89)\r\n        at org.junit.Assert.failNotEquals(Assert.java:835)\r\n        at org.junit.Assert.assertEquals(Assert.java:647)\r\n        at io.temporal.workflow.activityTests.LongLocalActivityWorkflowTaskHeartbeatFailureTest.testLongLocalActivityWorkflowTaskHeartbeatFailure(LongLocalActivityWorkflowTaskHeartbeatFailureTest.java:64","closedAt":"2021-09-15T18:47:42Z","comments":[],"createdAt":"2021-08-26T17:55:37Z","labels":[],"milestone":null,"number":672,"reactionGroups":[],"state":"CLOSED","title":"[Flaky] LongLocalActivityWorkflowTaskHeartbeatFailureTest","updatedAt":"2021-09-15T18:47:42Z","url":"https://github.com/temporalio/sdk-java/issues/672"}
