{"assignees":[{"id":"MDQ6VXNlcjUxNzY4Mw==","login":"Sushisource","name":"Spencer Judge","databaseId":0}],"author":{"id":"MDQ6VXNlcjUzMjEwOA==","is_bot":false,"login":"Spikhalskiy","name":"Dmitry Spikhalsky"},"body":"```\r\nio.temporal.workflow.activityTests.LongLocalActivityFailsWhileHeartbeatingMeteringTest > testLongLocalActivityFailsWhileHeartbeatingMetering FAILED\r\n    java.lang.AssertionError: expected:<[0, 2, 3, 1]> but was:<[0, 3, 3, 2]>\r\n        at org.junit.Assert.fail(Assert.java:89)\r\n        at org.junit.Assert.failNotEquals(Assert.java:835)\r\n        at org.junit.Assert.assertEquals(Assert.java:120)\r\n        at org.junit.Assert.assertEquals(Assert.java:146)\r\n        at io.temporal.workflow.activityTests.LongLocalActivityFailsWhileHeartbeatingMeteringTest.testLongLocalActivityFailsWhileHeartbeatingMetering(LongLocalActivityFailsWhileHeartbeatingMeteringTest.java:92)\r\n```\r\n\r\nhttps://github.com/temporalio/sdk-java/actions/runs/4253865339/jobs/7399314593","closedAt":"2023-02-23T17:20:18Z","comments":[],"createdAt":"2023-02-23T16:42:04Z","labels":[],"milestone":null,"number":1672,"reactionGroups":[],"state":"CLOSED","title":"LongLocalActivityFailsWhileHeartbeatingMeteringTest flakes in codecoverage runs","updatedAt":"2023-02-23T17:20:18Z","url":"https://github.com/temporalio/sdk-java/issues/1672"}
